<?xml version="1.0" encoding="UTF-8" ?>
<testsuite errors="0" failures="0" hostname="jiaoyideMacBook-Air.local" name="com.mycompany.Java_Selenium.Sample" skipped="0" tests="3" time="57.571" timestamp="2019-04-01T00:06:02">
  <properties>
[...]
</properties>
  <testcase classname="com.mycompany.Java_Selenium.Sample" name="testa1" time="13.59" />
  <testcase classname="com.mycompany.Java_Selenium.Sample" name="testb2" time="7.555" />
  <testcase classname="com.mycompany.Java_Selenium.Sample" name="testc3" time="31.14" />
  <system-out><![CDATA[]]></system-out>
  <system-err><![CDATA[Starting ChromeDriver 2.46.628411 (3324f4c8be9ff2f70a05a30ebc72ffb013e1a71e) on port 21902
Only local connections are allowed.
Please protect ports used by ChromeDriver and related test frameworks to prevent access by malicious code.
Starting ChromeDriver 2.46.628411 (3324f4c8be9ff2f70a05a30ebc72ffb013e1a71e) on port 21379
Only local connections are allowed.
Please protect ports used by ChromeDriver and related test frameworks to prevent access by malicious code.
Starting ChromeDriver 2.46.628411 (3324f4c8be9ff2f70a05a30ebc72ffb013e1a71e) on port 25857
Only local connections are allowed.
Please protect ports used by ChromeDriver and related test frameworks to prevent access by malicious code.
]]></system-err>
</testsuite>
